Removed Pin From Net: NetName=GND Pin=R6-1
Removed Pin From Net: NetName=GND Pin=R9-1
Removed Pin From Net: NetName=Swith Pin=R14-1
Removed Pin From Net: NetName=EN1 Pin=XP5-4
Removed Pin From Net: NetName=EN2 Pin=XP5-5
Removed Member From Class: ClassName=Battery chargers Member=R12
Removed Member From Class: ClassName=Battery chargers Member=R13
Removed Member From Class: ClassName=Battery chargers Member=R14
Change Component Comment : Designator=R3 Old Comment=RC0603JR-071K3L New Comment=RC0603JR-071K1L
Change Component Designator: OldDesignator=R7 NewDesignator=R8
Change Component Designator: OldDesignator=R8 NewDesignator=R6
Change Component Designator: OldDesignator=R11 NewDesignator=R7
Change Component Designator: OldDesignator=R12 NewDesignator=R11
Change Component Designator: OldDesignator=R13 NewDesignator=R9
Change Component Designator: OldDesignator=XP4 NewDesignator=XP5
Change component parameters: Designator = "R3" ("R3"); Footprint = "R_0603_Manual_mount"; UniqueID = "\ODYDTRUC" ("\ODYDTRUC")
Change component parameters (AddParameter): Name = "Manufacturer"; Value = "YAGEO"; VariantName = "[No Variations]"
Change component parameters (AddParameter): Name = "Part Number"; Value = "RC0603JR-071K1L"; VariantName = "[No Variations]"
Change component parameters (AddParameter): Name = "Power dissipation"; Value = "0,1 Вт"; VariantName = "[No Variations]"
Change component parameters (AddParameter): Name = "Size"; Value = "0603"; VariantName = "[No Variations]"
Change component parameters (AddParameter): Name = "Temperature coefficient"; Value = "±100 ppm/°C"; VariantName = "[No Variations]"
Change component parameters (AddParameter): Name = "Temperature range"; Value = "-55 ... 155 °C"; VariantName = "[No Variations]"
Change component parameters (AddParameter): Name = "Tolerance"; Value = "5 %"; VariantName = "[No Variations]"
Change component parameters (AddParameter): Name = "Type"; Value = "Резистор постоянный"; VariantName = "[No Variations]"
Change component parameters (AddParameter): Name = "Value"; Value = "1,1 к"; VariantName = "[No Variations]"
Added Component: Designator=XP4(PLS-8)
Add component (AddParameter): Name = "Connector type"; Value = "Вилка на плату"; VariantName = "[No Variations]"
Add component (AddParameter): Name = "Manufacturer"; Value = "NONAME"; VariantName = "[No Variations]"
Add component (AddParameter): Name = "Number of contacts"; Value = "8"; VariantName = "[No Variations]"
Add component (AddParameter): Name = "Type"; Value = "Разъем штыревой"; VariantName = "[No Variations]"
Added Pin To Net: NetName=EN2 Pin=DA2-5
Added Pin To Net: NetName=EN1 Pin=DA2-6
Added Pin To Net: NetName=GND Pin=R2-1
Added Pin To Net: NetName=Swith Pin=R8-2
Added Pin To Net: NetName=Swith Pin=R10-2
Added Pin To Net: NetName=Swith Pin=R11-2
Added Pin To Net: NetName=EN1 Pin=XP4-4
Added Pin To Net: NetName=EN2 Pin=XP4-5
Added Pin To Net: NetName=NetDA1_3 Pin=XP4-6
Added Pin To Net: NetName=NetC5_1 Pin=XP4-7
Added Pin To Net: NetName=GND Pin=XP4-8
Change Net Name : Old Net Name=NetC5_1 New Net Name=OUT+
Change Net Name : Old Net Name=NetDA1_3 New Net Name=ON
Change Net Name : Old Net Name=Swith New Net Name=Switch
Added Pin To Net: NetName=CE Pin=DA2-4
Added Pin To Net: NetName=CE Pin=R8-1
Added Pin To Net: NetName=CE Pin=XP4-3
Added Net: Name=CE
Added Pin To Net: NetName=CHG Pin=DA2-9
Added Pin To Net: NetName=CHG Pin=HL2-C
Added Pin To Net: NetName=CHG Pin=XP4-2
Added Net: Name=CHG
Added Pin To Net: NetName=PG Pin=DA2-7
Added Pin To Net: NetName=PG Pin=HL1-C
Added Pin To Net: NetName=PG Pin=XP4-1
Added Net: Name=PG
Added Member To Class: ClassName=Battery chargers Member=Component XP3 DS1069-2MVW6X
Added Member To Class: ClassName=Battery chargers Member=Component XP4 PLS-8
