Added Component: Designator=DA2(VQFN-16)
Add component (AddParameter): Name = "Battery type"; Value = "Li-Ion/Li-Poly"; VariantName = "[No Variations]"
Add component (AddParameter): Name = "Charge current"; Value = "0,1 ... 1,5 А"; VariantName = "[No Variations]"
Add component (AddParameter): Name = "Input voltage"; Value = "4,35 ... 6,6 В"; VariantName = "[No Variations]"
Add component (AddParameter): Name = "Manufacturer"; Value = "Texas Instruments"; VariantName = "[No Variations]"
Add component (AddParameter): Name = "Number of cells"; Value = "1"; VariantName = "[No Variations]"
Add component (AddParameter): Name = "Output voltage"; Value = "4.2 В"; VariantName = "[No Variations]"
Add component (AddParameter): Name = "Standard"; Value = "Fast Charge"; VariantName = "[No Variations]"
Add component (AddParameter): Name = "Temperature range"; Value = "-40 ... 125  °C"; VariantName = "[No Variations]"
Add component (AddParameter): Name = "Type"; Value = "Контроллер АКБ"; VariantName = "[No Variations]"
Add component (AddParameter): Name = "Voltage accuracy"; Value = "±1%"; VariantName = "[No Variations]"
Added Pin To Net: NetName=NetDA2_1 Pin=DA2-1
Added Pin To Net: NetName=NetC4_1 Pin=DA2-2
Added Pin To Net: NetName=NetC4_1 Pin=DA2-3
Added Pin To Net: NetName=CE Pin=DA2-4
Added Pin To Net: NetName=EN2 Pin=DA2-5
Added Pin To Net: NetName=EN1 Pin=DA2-6
Added Pin To Net: NetName=PG Pin=DA2-7
Added Pin To Net: NetName=GND Pin=DA2-8
Added Pin To Net: NetName=CHG Pin=DA2-9
Added Pin To Net: NetName=SWITCH Pin=DA2-10
Added Pin To Net: NetName=SWITCH Pin=DA2-11
Added Pin To Net: NetName=NetDA2_12 Pin=DA2-12
Added Pin To Net: NetName=NetC1_1 Pin=DA2-13
Added Pin To Net: NetName=NetDA2_14 Pin=DA2-14
Added Pin To Net: NetName=GND Pin=DA2-15
Added Pin To Net: NetName=NetDA2_16 Pin=DA2-16
Added Pin To Net: NetName=GND Pin=DA2-17
Added Member To Class: ClassName=Battery chargers Member=Component DA2 BQ24072RGTR
