Added Component: Designator=C1(C_0603_Manual_mount)
Add component (AddParameter): Name = "Manufacturer"; Value = "Murata Manufacturing"; VariantName = "[No Variations]"
Add component (AddParameter): Name = "Part Number"; Value = "GRM188R61C106MA73"; VariantName = "[No Variations]"
Add component (AddParameter): Name = "Rated voltage"; Value = "16 В"; VariantName = "[No Variations]"
Add component (AddParameter): Name = "Size"; Value = "0603"; VariantName = "[No Variations]"
Add component (AddParameter): Name = "TC"; Value = "X5R"; VariantName = "[No Variations]"
Add component (AddParameter): Name = "Temperature coefficient"; Value = "±15 %"; VariantName = "[No Variations]"
Add component (AddParameter): Name = "Temperature range"; Value = "-55 ... 85 °C"; VariantName = "[No Variations]"
Add component (AddParameter): Name = "Tolerance"; Value = "20 %"; VariantName = "[No Variations]"
Add component (AddParameter): Name = "Type"; Value = "Конденсатор керамический"; VariantName = "[No Variations]"
Add component (AddParameter): Name = "Value"; Value = "10 мк"; VariantName = "[No Variations]"
Added Component: Designator=C2(C_0603_Manual_mount)
Add component (AddParameter): Name = "Manufacturer"; Value = "Murata Manufacturing"; VariantName = "[No Variations]"
Add component (AddParameter): Name = "Part Number"; Value = "GRM188R61C225KE15"; VariantName = "[No Variations]"
Add component (AddParameter): Name = "Rated voltage"; Value = "16 В"; VariantName = "[No Variations]"
Add component (AddParameter): Name = "Size"; Value = "0603"; VariantName = "[No Variations]"
Add component (AddParameter): Name = "TC"; Value = "X5R"; VariantName = "[No Variations]"
Add component (AddParameter): Name = "Temperature coefficient"; Value = "±15 %"; VariantName = "[No Variations]"
Add component (AddParameter): Name = "Temperature range"; Value = "-55 ... 85 °C"; VariantName = "[No Variations]"
Add component (AddParameter): Name = "Tolerance"; Value = "10 %"; VariantName = "[No Variations]"
Add component (AddParameter): Name = "Type"; Value = "Конденсатор керамический"; VariantName = "[No Variations]"
Add component (AddParameter): Name = "Value"; Value = "2,2 мк"; VariantName = "[No Variations]"
Added Component: Designator=C3(C_0603_Manual_mount)
Add component (AddParameter): Name = "Manufacturer"; Value = "YAGEO"; VariantName = "[No Variations]"
Add component (AddParameter): Name = "Part Number"; Value = "CC0603KRX7R7BB104"; VariantName = "[No Variations]"
Add component (AddParameter): Name = "Rated voltage"; Value = "16 В"; VariantName = "[No Variations]"
Add component (AddParameter): Name = "Size"; Value = "0603"; VariantName = "[No Variations]"
Add component (AddParameter): Name = "TC"; Value = "X7R"; VariantName = "[No Variations]"
Add component (AddParameter): Name = "Temperature coefficient"; Value = "±15 %"; VariantName = "[No Variations]"
Add component (AddParameter): Name = "Temperature range"; Value = "-55 ... 125 °C"; VariantName = "[No Variations]"
Add component (AddParameter): Name = "Tolerance"; Value = "10 %"; VariantName = "[No Variations]"
Add component (AddParameter): Name = "Type"; Value = "Конденсатор керамический"; VariantName = "[No Variations]"
Add component (AddParameter): Name = "Value"; Value = "0,1 мк"; VariantName = "[No Variations]"
Added Component: Designator=C4(C_0603_Manual_mount)
Add component (AddParameter): Name = "Manufacturer"; Value = "Murata Manufacturing"; VariantName = "[No Variations]"
Add component (AddParameter): Name = "Part Number"; Value = "GRM188R61C106MA73"; VariantName = "[No Variations]"
Add component (AddParameter): Name = "Rated voltage"; Value = "16 В"; VariantName = "[No Variations]"
Add component (AddParameter): Name = "Size"; Value = "0603"; VariantName = "[No Variations]"
Add component (AddParameter): Name = "TC"; Value = "X5R"; VariantName = "[No Variations]"
Add component (AddParameter): Name = "Temperature coefficient"; Value = "±15 %"; VariantName = "[No Variations]"
Add component (AddParameter): Name = "Temperature range"; Value = "-55 ... 85 °C"; VariantName = "[No Variations]"
Add component (AddParameter): Name = "Tolerance"; Value = "20 %"; VariantName = "[No Variations]"
Add component (AddParameter): Name = "Type"; Value = "Конденсатор керамический"; VariantName = "[No Variations]"
Add component (AddParameter): Name = "Value"; Value = "10 мк"; VariantName = "[No Variations]"
Added Component: Designator=C5(C_0603_Manual_mount)
Add component (AddParameter): Name = "Manufacturer"; Value = "Murata Manufacturing"; VariantName = "[No Variations]"
Add component (AddParameter): Name = "Part Number"; Value = "GRM188R61C106MA73"; VariantName = "[No Variations]"
Add component (AddParameter): Name = "Rated voltage"; Value = "16 В"; VariantName = "[No Variations]"
Add component (AddParameter): Name = "Size"; Value = "0603"; VariantName = "[No Variations]"
Add component (AddParameter): Name = "TC"; Value = "X5R"; VariantName = "[No Variations]"
Add component (AddParameter): Name = "Temperature coefficient"; Value = "±15 %"; VariantName = "[No Variations]"
Add component (AddParameter): Name = "Temperature range"; Value = "-55 ... 85 °C"; VariantName = "[No Variations]"
Add component (AddParameter): Name = "Tolerance"; Value = "20 %"; VariantName = "[No Variations]"
Add component (AddParameter): Name = "Type"; Value = "Конденсатор керамический"; VariantName = "[No Variations]"
Add component (AddParameter): Name = "Value"; Value = "10 мк"; VariantName = "[No Variations]"
Added Component: Designator=C6(C_0603_Manual_mount)
Add component (AddParameter): Name = "Manufacturer"; Value = "Murata Manufacturing"; VariantName = "[No Variations]"
Add component (AddParameter): Name = "Part Number"; Value = "GRM188R61C225KE15"; VariantName = "[No Variations]"
Add component (AddParameter): Name = "Rated voltage"; Value = "16 В"; VariantName = "[No Variations]"
Add component (AddParameter): Name = "Size"; Value = "0603"; VariantName = "[No Variations]"
Add component (AddParameter): Name = "TC"; Value = "X5R"; VariantName = "[No Variations]"
Add component (AddParameter): Name = "Temperature coefficient"; Value = "±15 %"; VariantName = "[No Variations]"
Add component (AddParameter): Name = "Temperature range"; Value = "-55 ... 85 °C"; VariantName = "[No Variations]"
Add component (AddParameter): Name = "Tolerance"; Value = "10 %"; VariantName = "[No Variations]"
Add component (AddParameter): Name = "Type"; Value = "Конденсатор керамический"; VariantName = "[No Variations]"
Add component (AddParameter): Name = "Value"; Value = "2,2 мк"; VariantName = "[No Variations]"
Added Component: Designator=C7(C_0603_Manual_mount)
Add component (AddParameter): Name = "Manufacturer"; Value = "YAGEO"; VariantName = "[No Variations]"
Add component (AddParameter): Name = "Part Number"; Value = "CC0603KRX7R7BB104"; VariantName = "[No Variations]"
Add component (AddParameter): Name = "Rated voltage"; Value = "16 В"; VariantName = "[No Variations]"
Add component (AddParameter): Name = "Size"; Value = "0603"; VariantName = "[No Variations]"
Add component (AddParameter): Name = "TC"; Value = "X7R"; VariantName = "[No Variations]"
Add component (AddParameter): Name = "Temperature coefficient"; Value = "±15 %"; VariantName = "[No Variations]"
Add component (AddParameter): Name = "Temperature range"; Value = "-55 ... 125 °C"; VariantName = "[No Variations]"
Add component (AddParameter): Name = "Tolerance"; Value = "10 %"; VariantName = "[No Variations]"
Add component (AddParameter): Name = "Type"; Value = "Конденсатор керамический"; VariantName = "[No Variations]"
Add component (AddParameter): Name = "Value"; Value = "0,1 мк"; VariantName = "[No Variations]"
Added Component: Designator=C8(C_0603_Manual_mount)
Add component (AddParameter): Name = "Manufacturer"; Value = "Murata Manufacturing"; VariantName = "[No Variations]"
Add component (AddParameter): Name = "Part Number"; Value = "GRM188R61C106MA73"; VariantName = "[No Variations]"
Add component (AddParameter): Name = "Rated voltage"; Value = "16 В"; VariantName = "[No Variations]"
Add component (AddParameter): Name = "Size"; Value = "0603"; VariantName = "[No Variations]"
Add component (AddParameter): Name = "TC"; Value = "X5R"; VariantName = "[No Variations]"
Add component (AddParameter): Name = "Temperature coefficient"; Value = "±15 %"; VariantName = "[No Variations]"
Add component (AddParameter): Name = "Temperature range"; Value = "-55 ... 85 °C"; VariantName = "[No Variations]"
Add component (AddParameter): Name = "Tolerance"; Value = "20 %"; VariantName = "[No Variations]"
Add component (AddParameter): Name = "Type"; Value = "Конденсатор керамический"; VariantName = "[No Variations]"
Add component (AddParameter): Name = "Value"; Value = "10 мк"; VariantName = "[No Variations]"
Added Component: Designator=DA1(SOT23-6)
Added Component: Designator=DA2(VQFN-16)
Add component (AddParameter): Name = "Battery type"; Value = "Li-Ion/Li-Poly"; VariantName = "[No Variations]"
Add component (AddParameter): Name = "Charge current"; Value = "0,1 ... 1,5 А"; VariantName = "[No Variations]"
Add component (AddParameter): Name = "Input voltage"; Value = "4,35 ... 6,6 В"; VariantName = "[No Variations]"
Add component (AddParameter): Name = "Manufacturer"; Value = "Texas Instruments"; VariantName = "[No Variations]"
Add component (AddParameter): Name = "Number of cells"; Value = "1"; VariantName = "[No Variations]"
Add component (AddParameter): Name = "Output voltage"; Value = "4.2 В"; VariantName = "[No Variations]"
Add component (AddParameter): Name = "Standard"; Value = "Fast Charge"; VariantName = "[No Variations]"
Add component (AddParameter): Name = "Temperature range"; Value = "-40 ... 125  °C"; VariantName = "[No Variations]"
Add component (AddParameter): Name = "Type"; Value = "Контроллер АКБ"; VariantName = "[No Variations]"
Add component (AddParameter): Name = "Voltage accuracy"; Value = "±1%"; VariantName = "[No Variations]"
Added Component: Designator=HL1(LED_0603_Green_Auto_mount)
Add component (AddParameter): Name = "Color"; Value = "Зеленый"; VariantName = "[No Variations]"
Add component (AddParameter): Name = "Forward voltage"; Value = "2,1 В"; VariantName = "[No Variations]"
Add component (AddParameter): Name = "Manufacturer"; Value = "Kingbright"; VariantName = "[No Variations]"
Add component (AddParameter): Name = "Max. forward current"; Value = "30 мА"; VariantName = "[No Variations]"
Add component (AddParameter): Name = "Max. reverse voltage"; Value = "5 В"; VariantName = "[No Variations]"
Add component (AddParameter): Name = "Power dissitipation"; Value = "75 мВт"; VariantName = "[No Variations]"
Add component (AddParameter): Name = "Size"; Value = "0603"; VariantName = "[No Variations]"
Add component (AddParameter): Name = "Temperature range"; Value = "-40 ... 85 °C"; VariantName = "[No Variations]"
Add component (AddParameter): Name = "Type"; Value = "Светодиод"; VariantName = "[No Variations]"
Added Component: Designator=HL2(LED_0603_Red_Auto_mount)
Add component (AddParameter): Name = "Color"; Value = "Красный"; VariantName = "[No Variations]"
Add component (AddParameter): Name = "Forward voltage"; Value = "1,9 В"; VariantName = "[No Variations]"
Add component (AddParameter): Name = "Manufacturer"; Value = "Kingbright"; VariantName = "[No Variations]"
Add component (AddParameter): Name = "Max. forward current"; Value = "30 мА"; VariantName = "[No Variations]"
Add component (AddParameter): Name = "Max. reverse voltage"; Value = "5 В"; VariantName = "[No Variations]"
Add component (AddParameter): Name = "Power dissitipation"; Value = "170 мВт"; VariantName = "[No Variations]"
Add component (AddParameter): Name = "Size"; Value = "0603"; VariantName = "[No Variations]"
Add component (AddParameter): Name = "Temperature range"; Value = "-40 ... 85 °C"; VariantName = "[No Variations]"
Add component (AddParameter): Name = "Type"; Value = "Светодиод"; VariantName = "[No Variations]"
Added Component: Designator=R1(R_0603_Manual_mount)
Add component (AddParameter): Name = "Manufacturer"; Value = "YAGEO"; VariantName = "[No Variations]"
Add component (AddParameter): Name = "Part Number"; Value = "RC0603JR-0710KL"; VariantName = "[No Variations]"
Add component (AddParameter): Name = "Power dissipation"; Value = "0,1 Вт"; VariantName = "[No Variations]"
Add component (AddParameter): Name = "Size"; Value = "0603"; VariantName = "[No Variations]"
Add component (AddParameter): Name = "Temperature coefficient"; Value = "±100 ppm/°C"; VariantName = "[No Variations]"
Add component (AddParameter): Name = "Temperature range"; Value = "-55 ... 155 °C"; VariantName = "[No Variations]"
Add component (AddParameter): Name = "Tolerance"; Value = "5 %"; VariantName = "[No Variations]"
Add component (AddParameter): Name = "Type"; Value = "Резистор постоянный"; VariantName = "[No Variations]"
Add component (AddParameter): Name = "Value"; Value = "10 к"; VariantName = "[No Variations]"
Added Component: Designator=R2(R_0603_Manual_mount)
Add component (AddParameter): Name = "Manufacturer"; Value = "YAGEO"; VariantName = "[No Variations]"
Add component (AddParameter): Name = "Part Number"; Value = "RC0603JR-0710KL"; VariantName = "[No Variations]"
Add component (AddParameter): Name = "Power dissipation"; Value = "0,1 Вт"; VariantName = "[No Variations]"
Add component (AddParameter): Name = "Size"; Value = "0603"; VariantName = "[No Variations]"
Add component (AddParameter): Name = "Temperature coefficient"; Value = "±100 ppm/°C"; VariantName = "[No Variations]"
Add component (AddParameter): Name = "Temperature range"; Value = "-55 ... 155 °C"; VariantName = "[No Variations]"
Add component (AddParameter): Name = "Tolerance"; Value = "5 %"; VariantName = "[No Variations]"
Add component (AddParameter): Name = "Type"; Value = "Резистор постоянный"; VariantName = "[No Variations]"
Add component (AddParameter): Name = "Value"; Value = "10 к"; VariantName = "[No Variations]"
Added Component: Designator=R3(R_0603_Manual_mount)
Add component (AddParameter): Name = "Manufacturer"; Value = "YAGEO"; VariantName = "[No Variations]"
Add component (AddParameter): Name = "Part Number"; Value = "RC0603JR-071K1L"; VariantName = "[No Variations]"
Add component (AddParameter): Name = "Power dissipation"; Value = "0,1 Вт"; VariantName = "[No Variations]"
Add component (AddParameter): Name = "Size"; Value = "0603"; VariantName = "[No Variations]"
Add component (AddParameter): Name = "Temperature coefficient"; Value = "±100 ppm/°C"; VariantName = "[No Variations]"
Add component (AddParameter): Name = "Temperature range"; Value = "-55 ... 155 °C"; VariantName = "[No Variations]"
Add component (AddParameter): Name = "Tolerance"; Value = "5 %"; VariantName = "[No Variations]"
Add component (AddParameter): Name = "Type"; Value = "Резистор постоянный"; VariantName = "[No Variations]"
Add component (AddParameter): Name = "Value"; Value = "1,1 к"; VariantName = "[No Variations]"
Added Component: Designator=R4(R_0603_Manual_mount)
Add component (AddParameter): Name = "Manufacturer"; Value = "YAGEO"; VariantName = "[No Variations]"
Add component (AddParameter): Name = "Part Number"; Value = "RC0603JR-07910RL"; VariantName = "[No Variations]"
Add component (AddParameter): Name = "Power dissipation"; Value = "0,1 Вт"; VariantName = "[No Variations]"
Add component (AddParameter): Name = "Size"; Value = "0603"; VariantName = "[No Variations]"
Add component (AddParameter): Name = "Temperature coefficient"; Value = "±100 ppm/°C"; VariantName = "[No Variations]"
Add component (AddParameter): Name = "Temperature range"; Value = "-55 ... 155 °C"; VariantName = "[No Variations]"
Add component (AddParameter): Name = "Tolerance"; Value = "5 %"; VariantName = "[No Variations]"
Add component (AddParameter): Name = "Type"; Value = "Резистор постоянный"; VariantName = "[No Variations]"
Add component (AddParameter): Name = "Value"; Value = "910"; VariantName = "[No Variations]"
Added Component: Designator=R5(R_0603_Manual_mount)
Add component (AddParameter): Name = "Manufacturer"; Value = "YAGEO"; VariantName = "[No Variations]"
Add component (AddParameter): Name = "Part Number"; Value = "RC0603JR-071KL"; VariantName = "[No Variations]"
Add component (AddParameter): Name = "Power dissipation"; Value = "0,1 Вт"; VariantName = "[No Variations]"
Add component (AddParameter): Name = "Size"; Value = "0603"; VariantName = "[No Variations]"
Add component (AddParameter): Name = "Temperature coefficient"; Value = "±100 ppm/°C"; VariantName = "[No Variations]"
Add component (AddParameter): Name = "Temperature range"; Value = "-55 ... 155 °C"; VariantName = "[No Variations]"
Add component (AddParameter): Name = "Tolerance"; Value = "5 %"; VariantName = "[No Variations]"
Add component (AddParameter): Name = "Type"; Value = "Резистор постоянный"; VariantName = "[No Variations]"
Add component (AddParameter): Name = "Value"; Value = "1 к"; VariantName = "[No Variations]"
Added Component: Designator=R6(R_0603_Manual_mount)
Add component (AddParameter): Name = "Manufacturer"; Value = "YAGEO"; VariantName = "[No Variations]"
Add component (AddParameter): Name = "Part Number"; Value = "RC0603JR-0747KL"; VariantName = "[No Variations]"
Add component (AddParameter): Name = "Power dissipation"; Value = "0,1 Вт"; VariantName = "[No Variations]"
Add component (AddParameter): Name = "Size"; Value = "0603"; VariantName = "[No Variations]"
Add component (AddParameter): Name = "Temperature coefficient"; Value = "±100 ppm/°C"; VariantName = "[No Variations]"
Add component (AddParameter): Name = "Temperature range"; Value = "-55 ... 155 °C"; VariantName = "[No Variations]"
Add component (AddParameter): Name = "Tolerance"; Value = "5 %"; VariantName = "[No Variations]"
Add component (AddParameter): Name = "Type"; Value = "Резистор постоянный"; VariantName = "[No Variations]"
Add component (AddParameter): Name = "Value"; Value = "47 к"; VariantName = "[No Variations]"
Added Component: Designator=R7(R_0603_Manual_mount)
Add component (AddParameter): Name = "Manufacturer"; Value = "YAGEO"; VariantName = "[No Variations]"
Add component (AddParameter): Name = "Part Number"; Value = "RC0603JR-071K5L"; VariantName = "[No Variations]"
Add component (AddParameter): Name = "Power dissipation"; Value = "0,1 Вт"; VariantName = "[No Variations]"
Add component (AddParameter): Name = "Size"; Value = "0603"; VariantName = "[No Variations]"
Add component (AddParameter): Name = "Temperature coefficient"; Value = "±100 ppm/°C"; VariantName = "[No Variations]"
Add component (AddParameter): Name = "Temperature range"; Value = "-55 ... 155 °C"; VariantName = "[No Variations]"
Add component (AddParameter): Name = "Tolerance"; Value = "5 %"; VariantName = "[No Variations]"
Add component (AddParameter): Name = "Type"; Value = "Резистор постоянный"; VariantName = "[No Variations]"
Add component (AddParameter): Name = "Value"; Value = "1,5 к"; VariantName = "[No Variations]"
Added Component: Designator=R8(R_0603_Manual_mount)
Add component (AddParameter): Name = "Manufacturer"; Value = "YAGEO"; VariantName = "[No Variations]"
Add component (AddParameter): Name = "Part Number"; Value = "RC0603JR-0710KL"; VariantName = "[No Variations]"
Add component (AddParameter): Name = "Power dissipation"; Value = "0,1 Вт"; VariantName = "[No Variations]"
Add component (AddParameter): Name = "Size"; Value = "0603"; VariantName = "[No Variations]"
Add component (AddParameter): Name = "Temperature coefficient"; Value = "±100 ppm/°C"; VariantName = "[No Variations]"
Add component (AddParameter): Name = "Temperature range"; Value = "-55 ... 155 °C"; VariantName = "[No Variations]"
Add component (AddParameter): Name = "Tolerance"; Value = "5 %"; VariantName = "[No Variations]"
Add component (AddParameter): Name = "Type"; Value = "Резистор постоянный"; VariantName = "[No Variations]"
Add component (AddParameter): Name = "Value"; Value = "10 к"; VariantName = "[No Variations]"
Added Component: Designator=R9(R_0603_Manual_mount)
Add component (AddParameter): Name = "Manufacturer"; Value = "YAGEO"; VariantName = "[No Variations]"
Add component (AddParameter): Name = "Part Number"; Value = "RC0603JR-071K5L"; VariantName = "[No Variations]"
Add component (AddParameter): Name = "Power dissipation"; Value = "0,1 Вт"; VariantName = "[No Variations]"
Add component (AddParameter): Name = "Size"; Value = "0603"; VariantName = "[No Variations]"
Add component (AddParameter): Name = "Temperature coefficient"; Value = "±100 ppm/°C"; VariantName = "[No Variations]"
Add component (AddParameter): Name = "Temperature range"; Value = "-55 ... 155 °C"; VariantName = "[No Variations]"
Add component (AddParameter): Name = "Tolerance"; Value = "5 %"; VariantName = "[No Variations]"
Add component (AddParameter): Name = "Type"; Value = "Резистор постоянный"; VariantName = "[No Variations]"
Add component (AddParameter): Name = "Value"; Value = "1,5 к"; VariantName = "[No Variations]"
Added Component: Designator=R10(R_0603_Manual_mount)
Add component (AddParameter): Name = "Manufacturer"; Value = "YAGEO"; VariantName = "[No Variations]"
Add component (AddParameter): Name = "Part Number"; Value = "RC0603JR-0710KL"; VariantName = "[No Variations]"
Add component (AddParameter): Name = "Power dissipation"; Value = "0,1 Вт"; VariantName = "[No Variations]"
Add component (AddParameter): Name = "Size"; Value = "0603"; VariantName = "[No Variations]"
Add component (AddParameter): Name = "Temperature coefficient"; Value = "±100 ppm/°C"; VariantName = "[No Variations]"
Add component (AddParameter): Name = "Temperature range"; Value = "-55 ... 155 °C"; VariantName = "[No Variations]"
Add component (AddParameter): Name = "Tolerance"; Value = "5 %"; VariantName = "[No Variations]"
Add component (AddParameter): Name = "Type"; Value = "Резистор постоянный"; VariantName = "[No Variations]"
Add component (AddParameter): Name = "Value"; Value = "10 к"; VariantName = "[No Variations]"
Added Component: Designator=R11(R_0603_Manual_mount)
Add component (AddParameter): Name = "Manufacturer"; Value = "YAGEO"; VariantName = "[No Variations]"
Add component (AddParameter): Name = "Part Number"; Value = "RC0603JR-0710KL"; VariantName = "[No Variations]"
Add component (AddParameter): Name = "Power dissipation"; Value = "0,1 Вт"; VariantName = "[No Variations]"
Add component (AddParameter): Name = "Size"; Value = "0603"; VariantName = "[No Variations]"
Add component (AddParameter): Name = "Temperature coefficient"; Value = "±100 ppm/°C"; VariantName = "[No Variations]"
Add component (AddParameter): Name = "Temperature range"; Value = "-55 ... 155 °C"; VariantName = "[No Variations]"
Add component (AddParameter): Name = "Tolerance"; Value = "5 %"; VariantName = "[No Variations]"
Add component (AddParameter): Name = "Type"; Value = "Резистор постоянный"; VariantName = "[No Variations]"
Add component (AddParameter): Name = "Value"; Value = "10 к"; VariantName = "[No Variations]"
Added Component: Designator=RK1(RK_0603_Manual_Mount)
Add component (AddParameter): Name = "B tolerance"; Value = "3%"; VariantName = "[No Variations]"
Add component (AddParameter): Name = "B(25-50 °C)"; Value = ""; VariantName = "[No Variations]"
Add component (AddParameter): Name = "B(25-75 °C)"; Value = "3477 К"; VariantName = "[No Variations]"
Add component (AddParameter): Name = "B(25-80 °C)"; Value = ""; VariantName = "[No Variations]"
Add component (AddParameter): Name = "B(25-85 °C)"; Value = "3486 К"; VariantName = "[No Variations]"
Add component (AddParameter): Name = "B(25-100 °C)"; Value = ""; VariantName = "[No Variations]"
Add component (AddParameter): Name = "Manufacturer"; Value = "Vishay"; VariantName = "[No Variations]"
Add component (AddParameter): Name = "Part Number"; Value = "NTHS0603N02N1002J"; VariantName = "[No Variations]"
Add component (AddParameter): Name = "Power dissipation"; Value = "0,1 Вт"; VariantName = "[No Variations]"
Add component (AddParameter): Name = "Size"; Value = "0603"; VariantName = "[No Variations]"
Add component (AddParameter): Name = "Temperature range"; Value = "-40 ... 125 °C"; VariantName = "[No Variations]"
Add component (AddParameter): Name = "Tolerance"; Value = "5 %"; VariantName = "[No Variations]"
Add component (AddParameter): Name = "Type"; Value = "Термистор"; VariantName = "[No Variations]"
Add component (AddParameter): Name = "Value"; Value = "10 к"; VariantName = "[No Variations]"
Added Component: Designator=VD1(SOD-128)
Add component (AddParameter): Name = "Forward voltage"; Value = "0,49 В"; VariantName = "[No Variations]"
Add component (AddParameter): Name = "Manufacturer"; Value = "NXP"; VariantName = "[No Variations]"
Add component (AddParameter): Name = "Max average forward current"; Value = "3 А"; VariantName = "[No Variations]"
Add component (AddParameter): Name = "Max non-repetitive peak forward current"; Value = "50 А"; VariantName = "[No Variations]"
Add component (AddParameter): Name = "Max reverse voltage"; Value = "40 В"; VariantName = "[No Variations]"
Add component (AddParameter): Name = "Temperature range"; Value = "-55 ... 150 °C"; VariantName = "[No Variations]"
Add component (AddParameter): Name = "Type"; Value = "Диод Шоттки"; VariantName = "[No Variations]"
Added Component: Designator=XP1(DS1069-2MVxxX)
Add component (AddParameter): Name = "Connector type"; Value = "Вилка на плату"; VariantName = "[No Variations]"
Add component (AddParameter): Name = "Manufacturer"; Value = "CONNFLY"; VariantName = "[No Variations]"
Add component (AddParameter): Name = "Number of contacts"; Value = "2"; VariantName = "[No Variations]"
Add component (AddParameter): Name = "Type"; Value = "Разъем штыревой"; VariantName = "[No Variations]"
Added Component: Designator=XP2(DS1069-3MVW6X)
Add component (AddParameter): Name = "Connector type"; Value = "Вилка на плату"; VariantName = "[No Variations]"
Add component (AddParameter): Name = "Manufacturer"; Value = "CONNFLY"; VariantName = "[No Variations]"
Add component (AddParameter): Name = "Number of contacts"; Value = "3"; VariantName = "[No Variations]"
Add component (AddParameter): Name = "Type"; Value = "Разъем штыревой"; VariantName = "[No Variations]"
Added Component: Designator=XP3(DS1069-2MVxxX)
Add component (AddParameter): Name = "Connector type"; Value = "Вилка на плату"; VariantName = "[No Variations]"
Add component (AddParameter): Name = "Manufacturer"; Value = "CONNFLY"; VariantName = "[No Variations]"
Add component (AddParameter): Name = "Number of contacts"; Value = "2"; VariantName = "[No Variations]"
Add component (AddParameter): Name = "Type"; Value = "Разъем штыревой"; VariantName = "[No Variations]"
Added Component: Designator=XP4(PLS-8)
Add component (AddParameter): Name = "Connector type"; Value = "Вилка на плату"; VariantName = "[No Variations]"
Add component (AddParameter): Name = "Manufacturer"; Value = "NONAME"; VariantName = "[No Variations]"
Add component (AddParameter): Name = "Number of contacts"; Value = "8"; VariantName = "[No Variations]"
Add component (AddParameter): Name = "Type"; Value = "Разъем штыревой"; VariantName = "[No Variations]"
Added Component: Designator=XP5(DS1069-2MVxxX)
Add component (AddParameter): Name = "Connector type"; Value = "Вилка на плату"; VariantName = "[No Variations]"
Add component (AddParameter): Name = "Manufacturer"; Value = "CONNFLY"; VariantName = "[No Variations]"
Add component (AddParameter): Name = "Number of contacts"; Value = "2"; VariantName = "[No Variations]"
Add component (AddParameter): Name = "Type"; Value = "Разъем штыревой"; VariantName = "[No Variations]"
Added Pin To Net: NetName=NetC1_1 Pin=C1-1
Added Pin To Net: NetName=GND Pin=C1-2
Added Pin To Net: NetName=NetC1_1 Pin=C2-1
Added Pin To Net: NetName=GND Pin=C2-2
Added Pin To Net: NetName=NetC1_1 Pin=C3-1
Added Pin To Net: NetName=GND Pin=C3-2
Added Pin To Net: NetName=NetC4_1 Pin=C4-1
Added Pin To Net: NetName=GND Pin=C4-2
Added Pin To Net: NetName=OUT+ Pin=C5-1
Added Pin To Net: NetName=GND Pin=C5-2
Added Pin To Net: NetName=OUT+ Pin=C6-1
Added Pin To Net: NetName=GND Pin=C6-2
Added Pin To Net: NetName=OUT+ Pin=C7-1
Added Pin To Net: NetName=GND Pin=C7-2
Added Pin To Net: NetName=Switch Pin=C8-1
Added Pin To Net: NetName=GND Pin=C8-2
Added Pin To Net: NetName=Switch Pin=DA1-1
Added Pin To Net: NetName=GND Pin=DA1-2
Added Pin To Net: NetName=ON Pin=DA1-3
Added Pin To Net: NetName=NetDA1_5 Pin=DA1-5
Added Pin To Net: NetName=OUT+ Pin=DA1-6
Added Pin To Net: NetName=NetDA2_1 Pin=DA2-1
Added Pin To Net: NetName=NetC4_1 Pin=DA2-2
Added Pin To Net: NetName=NetC4_1 Pin=DA2-3
Added Pin To Net: NetName=CE Pin=DA2-4
Added Pin To Net: NetName=EN2 Pin=DA2-5
Added Pin To Net: NetName=EN1 Pin=DA2-6
Added Pin To Net: NetName=PG Pin=DA2-7
Added Pin To Net: NetName=GND Pin=DA2-8
Added Pin To Net: NetName=CHG Pin=DA2-9
Added Pin To Net: NetName=Switch Pin=DA2-10
Added Pin To Net: NetName=Switch Pin=DA2-11
Added Pin To Net: NetName=NetDA2_12 Pin=DA2-12
Added Pin To Net: NetName=NetC1_1 Pin=DA2-13
Added Pin To Net: NetName=NetDA2_14 Pin=DA2-14
Added Pin To Net: NetName=GND Pin=DA2-15
Added Pin To Net: NetName=NetDA2_16 Pin=DA2-16
Added Pin To Net: NetName=NetHL1_A Pin=HL1-A
Added Pin To Net: NetName=PG Pin=HL1-C
Added Pin To Net: NetName=NetHL2_A Pin=HL2-A
Added Pin To Net: NetName=CHG Pin=HL2-C
Added Pin To Net: NetName=ON Pin=R1-1
Added Pin To Net: NetName=Switch Pin=R1-2
Added Pin To Net: NetName=GND Pin=R2-1
Added Pin To Net: NetName=ON Pin=R2-2
Added Pin To Net: NetName=GND Pin=R3-1
Added Pin To Net: NetName=NetDA2_12 Pin=R3-2
Added Pin To Net: NetName=GND Pin=R4-1
Added Pin To Net: NetName=NetDA2_16 Pin=R4-2
Added Pin To Net: NetName=NetDA1_5 Pin=R5-1
Added Pin To Net: NetName=OUT+ Pin=R5-2
Added Pin To Net: NetName=GND Pin=R6-1
Added Pin To Net: NetName=NetDA2_14 Pin=R6-2
Added Pin To Net: NetName=NetHL1_A Pin=R7-1
Added Pin To Net: NetName=Switch Pin=R7-2
Added Pin To Net: NetName=CE Pin=R8-1
Added Pin To Net: NetName=Switch Pin=R8-2
Added Pin To Net: NetName=NetHL2_A Pin=R9-1
Added Pin To Net: NetName=Switch Pin=R9-2
Added Pin To Net: NetName=EN1 Pin=R10-1
Added Pin To Net: NetName=Switch Pin=R10-2
Added Pin To Net: NetName=EN2 Pin=R11-1
Added Pin To Net: NetName=Switch Pin=R11-2
Added Pin To Net: NetName=GND Pin=RK1-1
Added Pin To Net: NetName=NetDA2_1 Pin=RK1-2
Added Pin To Net: NetName=NetVD1_A Pin=VD1-A
Added Pin To Net: NetName=NetC1_1 Pin=VD1-C
Added Pin To Net: NetName=NetVD1_A Pin=XP1-1
Added Pin To Net: NetName=GND Pin=XP1-2
Added Pin To Net: NetName=NetC4_1 Pin=XP2-1
Added Pin To Net: NetName=GND Pin=XP2-2
Added Pin To Net: NetName=NetDA2_1 Pin=XP2-3
Added Pin To Net: NetName=NetC4_1 Pin=XP3-1
Added Pin To Net: NetName=GND Pin=XP3-2
Added Pin To Net: NetName=PG Pin=XP4-1
Added Pin To Net: NetName=CHG Pin=XP4-2
Added Pin To Net: NetName=CE Pin=XP4-3
Added Pin To Net: NetName=EN1 Pin=XP4-4
Added Pin To Net: NetName=EN2 Pin=XP4-5
Added Pin To Net: NetName=ON Pin=XP4-6
Added Pin To Net: NetName=OUT+ Pin=XP4-7
Added Pin To Net: NetName=GND Pin=XP4-8
Added Pin To Net: NetName=OUT+ Pin=XP5-1
Added Pin To Net: NetName=GND Pin=XP5-2
Added Member To Class: ClassName=Battery chargers Member=Component C1 GRM188R61C106MA73
Added Member To Class: ClassName=Battery chargers Member=Component C2 GRM188R61C225KE15
Added Member To Class: ClassName=Battery chargers Member=Component C3 CC0603KRX7R7BB104
Added Member To Class: ClassName=Battery chargers Member=Component C4 GRM188R61C106MA73
Added Member To Class: ClassName=Battery chargers Member=Component C5 GRM188R61C106MA73
Added Member To Class: ClassName=Battery chargers Member=Component C6 GRM188R61C225KE15
Added Member To Class: ClassName=Battery chargers Member=Component C7 CC0603KRX7R7BB104
Added Member To Class: ClassName=Battery chargers Member=Component C8 GRM188R61C106MA73
Added Member To Class: ClassName=Battery chargers Member=Component DA1 TPS22919DCKR
Added Member To Class: ClassName=Battery chargers Member=Component DA2 BQ24072RGTR
Added Member To Class: ClassName=Battery chargers Member=Component HL1 KP-1608MGC
Added Member To Class: ClassName=Battery chargers Member=Component HL2 KP-1608SURC
Added Member To Class: ClassName=Battery chargers Member=Component R1 RC0603JR-0710KL
Added Member To Class: ClassName=Battery chargers Member=Component R2 RC0603JR-0710KL
Added Member To Class: ClassName=Battery chargers Member=Component R3 RC0603JR-071K1L
Added Member To Class: ClassName=Battery chargers Member=Component R4 RC0603JR-07910RL
Added Member To Class: ClassName=Battery chargers Member=Component R5 RC0603JR-071KL
Added Member To Class: ClassName=Battery chargers Member=Component R6 RC0603JR-0747KL
Added Member To Class: ClassName=Battery chargers Member=Component R7 RC0603JR-071K5L
Added Member To Class: ClassName=Battery chargers Member=Component R8 RC0603JR-0710KL
Added Member To Class: ClassName=Battery chargers Member=Component R9 RC0603JR-071K5L
Added Member To Class: ClassName=Battery chargers Member=Component R10 RC0603JR-0710KL
Added Member To Class: ClassName=Battery chargers Member=Component R11 RC0603JR-0710KL
Added Member To Class: ClassName=Battery chargers Member=Component RK1 NTHS0603N02N1002J
Added Member To Class: ClassName=Battery chargers Member=Component VD1 PMEG4030EP
Added Member To Class: ClassName=Battery chargers Member=Component XP1 DS1069-2MVW6X
Added Member To Class: ClassName=Battery chargers Member=Component XP2 DS1069-3MVW6X
Added Member To Class: ClassName=Battery chargers Member=Component XP3 DS1069-2MVW6X
Added Member To Class: ClassName=Battery chargers Member=Component XP4 PLS-8
Added Member To Class: ClassName=Battery chargers Member=Component XP5 DS1069-2MVW6X
